
Gurobi 6.0.4 (win64) logging started 06/23/15 14:48:59


Gurobi 6.0.4 (win64) logging started 06/23/15 14:53:00

Optimize a model with 1129 rows, 390 columns and 4031 nonzeros
Coefficient statistics:
  Matrix range    [3e-02, 5e+00]
  Objective range [2e-02, 8e-01]
  Bounds range    [1e+00, 1e+00]
  RHS range       [5e-01, 9e+00]
Presolve removed 728 rows and 185 columns
Presolve time: 0.09s
Presolved: 401 rows, 205 columns, 1880 nonzeros
Variable types: 0 continuous, 205 integer (205 binary)
Found heuristic solution: objective 2.4000195

Root relaxation: objective 2.026069e+00, 280 iterations, 0.07 seconds

    Nodes    |    Current Node    |     Objective Bounds      |     Work
 Expl Unexpl |  Obj  Depth IntInf | Incumbent    BestBd   Gap | It/Node Time

*    0     0               0       2.0260689    2.02607  0.00%     -    0s

Explored 0 nodes (280 simplex iterations) in 0.29 seconds
Thread count was 2 (of 4 available processors)

Optimal solution found (tolerance 1.00e-04)
Best objective 2.026068929375e+00, best bound 2.026068929375e+00, gap 0.0%

Gurobi 6.0.4 (win64) logging started 06/23/15 15:06:00

Optimize a model with 1129 rows, 390 columns and 4031 nonzeros
Coefficient statistics:
  Matrix range    [3e-02, 5e+00]
  Objective range [2e-02, 8e-01]
  Bounds range    [1e+00, 1e+00]
  RHS range       [5e-01, 9e+00]
Presolve removed 728 rows and 185 columns
Presolve time: 0.05s
Presolved: 401 rows, 205 columns, 1880 nonzeros
Variable types: 0 continuous, 205 integer (205 binary)
Found heuristic solution: objective 2.4000195

Root relaxation: objective 2.026069e+00, 280 iterations, 0.02 seconds

    Nodes    |    Current Node    |     Objective Bounds      |     Work
 Expl Unexpl |  Obj  Depth IntInf | Incumbent    BestBd   Gap | It/Node Time

*    0     0               0       2.0260689    2.02607  0.00%     -    0s

Explored 0 nodes (280 simplex iterations) in 0.09 seconds
Thread count was 2 (of 4 available processors)

Optimal solution found (tolerance 1.00e-04)
Best objective 2.026068929375e+00, best bound 2.026068929375e+00, gap 0.0%
Optimize a model with 1150 rows, 390 columns and 4052 nonzeros
Coefficient statistics:
  Matrix range    [3e-02, 5e+00]
  Objective range [2e-02, 8e-01]
  Bounds range    [1e+00, 1e+00]
  RHS range       [5e-01, 9e+00]
Presolve removed 1150 rows and 390 columns
Presolve time: 0.00s

Explored 0 nodes (0 simplex iterations) in 0.01 seconds
Thread count was 1 (of 4 available processors)

Optimal solution found (tolerance 1.00e-04)
Best objective 2.026068929375e+00, best bound 2.026068929375e+00, gap 0.0%
Optimize a model with 1150 rows, 390 columns and 4052 nonzeros
Coefficient statistics:
  Matrix range    [3e-02, 5e+00]
  Objective range [1e+00, 1e+00]
  Bounds range    [1e+00, 1e+00]
  RHS range       [5e-01, 9e+00]
Presolve removed 1150 rows and 390 columns
Presolve time: 0.01s

Explored 0 nodes (0 simplex iterations) in 0.02 seconds
Thread count was 1 (of 4 available processors)

Optimal solution found (tolerance 1.00e-04)
Best objective 0.000000000000e+00, best bound 0.000000000000e+00, gap 0.0%
Optimize a model with 1150 rows, 390 columns and 4052 nonzeros
Coefficient statistics:
  Matrix range    [3e-02, 5e+00]
  Objective range [1e+00, 1e+00]
  Bounds range    [1e+00, 1e+00]
  RHS range       [5e-01, 9e+00]
Presolve removed 1150 rows and 390 columns
Presolve time: 0.01s

Explored 0 nodes (0 simplex iterations) in 0.02 seconds
Thread count was 1 (of 4 available processors)

Optimal solution found (tolerance 1.00e-04)
Best objective 0.000000000000e+00, best bound 0.000000000000e+00, gap 0.0%

Gurobi 6.0.4 (win64) logging started 06/23/15 15:27:32

Optimize a model with 1129 rows, 390 columns and 4031 nonzeros
Coefficient statistics:
  Matrix range    [3e-02, 5e+00]
  Objective range [2e-02, 8e-01]
  Bounds range    [1e+00, 1e+00]
  RHS range       [5e-01, 9e+00]
Presolve removed 728 rows and 185 columns
Presolve time: 0.04s
Presolved: 401 rows, 205 columns, 1880 nonzeros
Variable types: 0 continuous, 205 integer (205 binary)
Found heuristic solution: objective 2.4000195

Root relaxation: objective 2.026069e+00, 280 iterations, 0.02 seconds

    Nodes    |    Current Node    |     Objective Bounds      |     Work
 Expl Unexpl |  Obj  Depth IntInf | Incumbent    BestBd   Gap | It/Node Time

*    0     0               0       2.0260689    2.02607  0.00%     -    0s

Explored 0 nodes (280 simplex iterations) in 0.09 seconds
Thread count was 2 (of 4 available processors)

Optimal solution found (tolerance 1.00e-04)
Best objective 2.026068929375e+00, best bound 2.026068929375e+00, gap 0.0%

Gurobi 6.0.4 (win64) logging started 06/23/15 15:27:44

Optimize a model with 1129 rows, 390 columns and 4031 nonzeros
Coefficient statistics:
  Matrix range    [3e-02, 5e+00]
  Objective range [2e-02, 8e-01]
  Bounds range    [1e+00, 1e+00]
  RHS range       [5e-01, 9e+00]
Presolve removed 728 rows and 185 columns
Presolve time: 0.06s
Presolved: 401 rows, 205 columns, 1880 nonzeros
Variable types: 0 continuous, 205 integer (205 binary)
Found heuristic solution: objective 2.4000195

Root relaxation: objective 2.026069e+00, 280 iterations, 0.02 seconds

    Nodes    |    Current Node    |     Objective Bounds      |     Work
 Expl Unexpl |  Obj  Depth IntInf | Incumbent    BestBd   Gap | It/Node Time

*    0     0               0       2.0260689    2.02607  0.00%     -    0s

Explored 0 nodes (280 simplex iterations) in 0.10 seconds
Thread count was 2 (of 4 available processors)

Optimal solution found (tolerance 1.00e-04)
Best objective 2.026068929375e+00, best bound 2.026068929375e+00, gap 0.0%
Optimize a model with 1150 rows, 390 columns and 4052 nonzeros
Coefficient statistics:
  Matrix range    [3e-02, 5e+00]
  Objective range [2e-02, 8e-01]
  Bounds range    [1e+00, 1e+00]
  RHS range       [5e-01, 9e+00]
Presolve removed 1150 rows and 390 columns
Presolve time: 0.00s

Explored 0 nodes (0 simplex iterations) in 0.01 seconds
Thread count was 1 (of 4 available processors)

Optimal solution found (tolerance 1.00e-04)
Best objective 2.026068929375e+00, best bound 2.026068929375e+00, gap 0.0%
Optimize a model with 1150 rows, 390 columns and 4052 nonzeros
Coefficient statistics:
  Matrix range    [3e-02, 5e+00]
  Objective range [1e+00, 1e+00]
  Bounds range    [1e+00, 1e+00]
  RHS range       [5e-01, 9e+00]
Presolve removed 1150 rows and 390 columns
Presolve time: 0.00s

Explored 0 nodes (0 simplex iterations) in 0.01 seconds
Thread count was 1 (of 4 available processors)

Optimal solution found (tolerance 1.00e-04)
Best objective 0.000000000000e+00, best bound 0.000000000000e+00, gap 0.0%
Optimize a model with 1150 rows, 390 columns and 4052 nonzeros
Coefficient statistics:
  Matrix range    [3e-02, 5e+00]
  Objective range [1e+00, 1e+00]
  Bounds range    [1e+00, 1e+00]
  RHS range       [5e-01, 9e+00]
Presolve removed 1150 rows and 390 columns
Presolve time: 0.00s

Explored 0 nodes (0 simplex iterations) in 0.01 seconds
Thread count was 1 (of 4 available processors)

Optimal solution found (tolerance 1.00e-04)
Best objective 0.000000000000e+00, best bound 0.000000000000e+00, gap 0.0%

Gurobi 6.0.4 (win64) logging started 06/23/15 15:27:49

Optimize a model with 1129 rows, 390 columns and 4031 nonzeros
Coefficient statistics:
  Matrix range    [3e-02, 5e+00]
  Objective range [2e-02, 8e-01]
  Bounds range    [1e+00, 1e+00]
  RHS range       [5e-01, 9e+00]
Presolve removed 728 rows and 185 columns
Presolve time: 0.05s
Presolved: 401 rows, 205 columns, 1880 nonzeros
Variable types: 0 continuous, 205 integer (205 binary)
Found heuristic solution: objective 2.4000195

Root relaxation: objective 2.026069e+00, 280 iterations, 0.02 seconds

    Nodes    |    Current Node    |     Objective Bounds      |     Work
 Expl Unexpl |  Obj  Depth IntInf | Incumbent    BestBd   Gap | It/Node Time

*    0     0               0       2.0260689    2.02607  0.00%     -    0s

Explored 0 nodes (280 simplex iterations) in 0.09 seconds
Thread count was 2 (of 4 available processors)

Optimal solution found (tolerance 1.00e-04)
Best objective 2.026068929375e+00, best bound 2.026068929375e+00, gap 0.0%

Gurobi 6.0.4 (win64) logging started 06/23/15 15:28:31

Optimize a model with 1129 rows, 390 columns and 4031 nonzeros
Coefficient statistics:
  Matrix range    [3e-02, 5e+00]
  Objective range [2e-02, 8e-01]
  Bounds range    [1e+00, 1e+00]
  RHS range       [5e-01, 9e+00]
Presolve removed 728 rows and 185 columns
Presolve time: 0.04s
Presolved: 401 rows, 205 columns, 1880 nonzeros
Variable types: 0 continuous, 205 integer (205 binary)
Found heuristic solution: objective 2.4000195

Root relaxation: objective 2.026069e+00, 280 iterations, 0.03 seconds

    Nodes    |    Current Node    |     Objective Bounds      |     Work
 Expl Unexpl |  Obj  Depth IntInf | Incumbent    BestBd   Gap | It/Node Time

*    0     0               0       2.0260689    2.02607  0.00%     -    0s

Explored 0 nodes (280 simplex iterations) in 0.09 seconds
Thread count was 2 (of 4 available processors)

Optimal solution found (tolerance 1.00e-04)
Best objective 2.026068929375e+00, best bound 2.026068929375e+00, gap 0.0%

Gurobi 6.0.4 (win64) logging started 06/23/15 15:28:52

Optimize a model with 1129 rows, 390 columns and 4031 nonzeros
Coefficient statistics:
  Matrix range    [3e-02, 5e+00]
  Objective range [2e-02, 8e-01]
  Bounds range    [1e+00, 1e+00]
  RHS range       [5e-01, 9e+00]
Presolve removed 728 rows and 185 columns
Presolve time: 0.04s
Presolved: 401 rows, 205 columns, 1880 nonzeros
Variable types: 0 continuous, 205 integer (205 binary)
Found heuristic solution: objective 2.4000195

Root relaxation: objective 2.026069e+00, 280 iterations, 0.02 seconds

    Nodes    |    Current Node    |     Objective Bounds      |     Work
 Expl Unexpl |  Obj  Depth IntInf | Incumbent    BestBd   Gap | It/Node Time

*    0     0               0       2.0260689    2.02607  0.00%     -    0s

Explored 0 nodes (280 simplex iterations) in 0.08 seconds
Thread count was 2 (of 4 available processors)

Optimal solution found (tolerance 1.00e-04)
Best objective 2.026068929375e+00, best bound 2.026068929375e+00, gap 0.0%
Optimize a model with 1150 rows, 390 columns and 4052 nonzeros
Coefficient statistics:
  Matrix range    [3e-02, 5e+00]
  Objective range [2e-02, 8e-01]
  Bounds range    [1e+00, 1e+00]
  RHS range       [5e-01, 9e+00]
Presolve removed 1150 rows and 390 columns
Presolve time: 0.00s

Explored 0 nodes (0 simplex iterations) in 0.01 seconds
Thread count was 1 (of 4 available processors)

Optimal solution found (tolerance 1.00e-04)
Best objective 2.026068929375e+00, best bound 2.026068929375e+00, gap 0.0%
Optimize a model with 1150 rows, 390 columns and 4052 nonzeros
Coefficient statistics:
  Matrix range    [3e-02, 5e+00]
  Objective range [1e+00, 1e+00]
  Bounds range    [1e+00, 1e+00]
  RHS range       [5e-01, 9e+00]
Presolve removed 1150 rows and 390 columns
Presolve time: 0.00s

Explored 0 nodes (0 simplex iterations) in 0.02 seconds
Thread count was 1 (of 4 available processors)

Optimal solution found (tolerance 1.00e-04)
Best objective 0.000000000000e+00, best bound 0.000000000000e+00, gap 0.0%
Optimize a model with 1150 rows, 390 columns and 4052 nonzeros
Coefficient statistics:
  Matrix range    [3e-02, 5e+00]
  Objective range [1e+00, 1e+00]
  Bounds range    [1e+00, 1e+00]
  RHS range       [5e-01, 9e+00]
Presolve removed 1150 rows and 390 columns
Presolve time: 0.00s

Explored 0 nodes (0 simplex iterations) in 0.01 seconds
Thread count was 1 (of 4 available processors)

Optimal solution found (tolerance 1.00e-04)
Best objective 0.000000000000e+00, best bound 0.000000000000e+00, gap 0.0%

Gurobi 6.0.4 (win64) logging started 06/23/15 15:45:54

Optimize a model with 1129 rows, 390 columns and 4031 nonzeros
Coefficient statistics:
  Matrix range    [3e-02, 5e+00]
  Objective range [2e-02, 8e-01]
  Bounds range    [1e+00, 1e+00]
  RHS range       [5e-01, 9e+00]
Presolve removed 728 rows and 185 columns
Presolve time: 0.06s
Presolved: 401 rows, 205 columns, 1880 nonzeros
Variable types: 0 continuous, 205 integer (205 binary)
Found heuristic solution: objective 2.4000195

Root relaxation: objective 2.026069e+00, 280 iterations, 0.03 seconds

    Nodes    |    Current Node    |     Objective Bounds      |     Work
 Expl Unexpl |  Obj  Depth IntInf | Incumbent    BestBd   Gap | It/Node Time

*    0     0               0       2.0260689    2.02607  0.00%     -    0s

Explored 0 nodes (280 simplex iterations) in 0.11 seconds
Thread count was 2 (of 4 available processors)

Optimal solution found (tolerance 1.00e-04)
Best objective 2.026068929375e+00, best bound 2.026068929375e+00, gap 0.0%

Gurobi 6.0.4 (win64) logging started 06/23/15 15:46:00

Optimize a model with 1129 rows, 390 columns and 4031 nonzeros
Coefficient statistics:
  Matrix range    [3e-02, 5e+00]
  Objective range [2e-02, 8e-01]
  Bounds range    [1e+00, 1e+00]
  RHS range       [5e-01, 9e+00]
Presolve removed 728 rows and 185 columns
Presolve time: 0.04s
Presolved: 401 rows, 205 columns, 1880 nonzeros
Variable types: 0 continuous, 205 integer (205 binary)
Found heuristic solution: objective 2.4000195

Root relaxation: objective 2.026069e+00, 280 iterations, 0.02 seconds

    Nodes    |    Current Node    |     Objective Bounds      |     Work
 Expl Unexpl |  Obj  Depth IntInf | Incumbent    BestBd   Gap | It/Node Time

*    0     0               0       2.0260689    2.02607  0.00%     -    0s

Explored 0 nodes (280 simplex iterations) in 0.08 seconds
Thread count was 2 (of 4 available processors)

Optimal solution found (tolerance 1.00e-04)
Best objective 2.026068929375e+00, best bound 2.026068929375e+00, gap 0.0%
Optimize a model with 1150 rows, 390 columns and 4052 nonzeros
Coefficient statistics:
  Matrix range    [3e-02, 5e+00]
  Objective range [2e-02, 8e-01]
  Bounds range    [1e+00, 1e+00]
  RHS range       [5e-01, 9e+00]
Presolve removed 1150 rows and 390 columns
Presolve time: 0.00s

Explored 0 nodes (0 simplex iterations) in 0.01 seconds
Thread count was 1 (of 4 available processors)

Optimal solution found (tolerance 1.00e-04)
Best objective 2.026068929375e+00, best bound 2.026068929375e+00, gap 0.0%
Optimize a model with 1150 rows, 390 columns and 4052 nonzeros
Coefficient statistics:
  Matrix range    [3e-02, 5e+00]
  Objective range [1e+00, 1e+00]
  Bounds range    [1e+00, 1e+00]
  RHS range       [5e-01, 9e+00]
Presolve removed 1150 rows and 390 columns
Presolve time: 0.00s

Explored 0 nodes (0 simplex iterations) in 0.01 seconds
Thread count was 1 (of 4 available processors)

Optimal solution found (tolerance 1.00e-04)
Best objective 0.000000000000e+00, best bound 0.000000000000e+00, gap 0.0%
Optimize a model with 1150 rows, 390 columns and 4052 nonzeros
Coefficient statistics:
  Matrix range    [3e-02, 5e+00]
  Objective range [1e+00, 1e+00]
  Bounds range    [1e+00, 1e+00]
  RHS range       [5e-01, 9e+00]
Presolve removed 1150 rows and 390 columns
Presolve time: 0.00s

Explored 0 nodes (0 simplex iterations) in 0.02 seconds
Thread count was 1 (of 4 available processors)

Optimal solution found (tolerance 1.00e-04)
Best objective 0.000000000000e+00, best bound 0.000000000000e+00, gap 0.0%

Gurobi 6.0.4 (win64) logging started 06/23/15 17:28:36

Optimize a model with 1129 rows, 390 columns and 4031 nonzeros
Coefficient statistics:
  Matrix range    [3e-02, 5e+00]
  Objective range [2e-02, 8e-01]
  Bounds range    [1e+00, 1e+00]
  RHS range       [5e-01, 9e+00]
Presolve removed 728 rows and 185 columns
Presolve time: 0.09s
Presolved: 401 rows, 205 columns, 1880 nonzeros
Variable types: 0 continuous, 205 integer (205 binary)
Found heuristic solution: objective 2.4000195

Root relaxation: objective 2.026069e+00, 280 iterations, 0.04 seconds

    Nodes    |    Current Node    |     Objective Bounds      |     Work
 Expl Unexpl |  Obj  Depth IntInf | Incumbent    BestBd   Gap | It/Node Time

*    0     0               0       2.0260689    2.02607  0.00%     -    0s

Explored 0 nodes (280 simplex iterations) in 0.22 seconds
Thread count was 2 (of 4 available processors)

Optimal solution found (tolerance 1.00e-04)
Best objective 2.026068929375e+00, best bound 2.026068929375e+00, gap 0.0%

Gurobi 6.0.4 (win64) logging started 06/23/15 17:28:40

Optimize a model with 1129 rows, 390 columns and 4031 nonzeros
Coefficient statistics:
  Matrix range    [3e-02, 5e+00]
  Objective range [2e-02, 8e-01]
  Bounds range    [1e+00, 1e+00]
  RHS range       [5e-01, 9e+00]
Presolve removed 728 rows and 185 columns
Presolve time: 0.04s
Presolved: 401 rows, 205 columns, 1880 nonzeros
Variable types: 0 continuous, 205 integer (205 binary)
Found heuristic solution: objective 2.4000195

Root relaxation: objective 2.026069e+00, 280 iterations, 0.02 seconds

    Nodes    |    Current Node    |     Objective Bounds      |     Work
 Expl Unexpl |  Obj  Depth IntInf | Incumbent    BestBd   Gap | It/Node Time

*    0     0               0       2.0260689    2.02607  0.00%     -    0s

Explored 0 nodes (280 simplex iterations) in 0.08 seconds
Thread count was 2 (of 4 available processors)

Optimal solution found (tolerance 1.00e-04)
Best objective 2.026068929375e+00, best bound 2.026068929375e+00, gap 0.0%
Optimize a model with 1150 rows, 390 columns and 4052 nonzeros
Coefficient statistics:
  Matrix range    [3e-02, 5e+00]
  Objective range [2e-02, 8e-01]
  Bounds range    [1e+00, 1e+00]
  RHS range       [5e-01, 9e+00]
Presolve removed 1150 rows and 390 columns
Presolve time: 0.00s

Explored 0 nodes (0 simplex iterations) in 0.01 seconds
Thread count was 1 (of 4 available processors)

Optimal solution found (tolerance 1.00e-04)
Best objective 2.026068929375e+00, best bound 2.026068929375e+00, gap 0.0%
Optimize a model with 1150 rows, 390 columns and 4052 nonzeros
Coefficient statistics:
  Matrix range    [3e-02, 5e+00]
  Objective range [1e+00, 1e+00]
  Bounds range    [1e+00, 1e+00]
  RHS range       [5e-01, 9e+00]
Presolve removed 1150 rows and 390 columns
Presolve time: 0.00s

Explored 0 nodes (0 simplex iterations) in 0.01 seconds
Thread count was 1 (of 4 available processors)

Optimal solution found (tolerance 1.00e-04)
Best objective 0.000000000000e+00, best bound 0.000000000000e+00, gap 0.0%
Optimize a model with 1150 rows, 390 columns and 4052 nonzeros
Coefficient statistics:
  Matrix range    [3e-02, 5e+00]
  Objective range [1e+00, 1e+00]
  Bounds range    [1e+00, 1e+00]
  RHS range       [5e-01, 9e+00]
Presolve removed 1150 rows and 390 columns
Presolve time: 0.00s

Explored 0 nodes (0 simplex iterations) in 0.02 seconds
Thread count was 1 (of 4 available processors)

Optimal solution found (tolerance 1.00e-04)
Best objective 0.000000000000e+00, best bound 0.000000000000e+00, gap 0.0%

Gurobi 6.0.4 (win64) logging started 06/23/15 17:28:44

Optimize a model with 1129 rows, 390 columns and 4031 nonzeros
Coefficient statistics:
  Matrix range    [3e-02, 5e+00]
  Objective range [2e-02, 8e-01]
  Bounds range    [1e+00, 1e+00]
  RHS range       [5e-01, 9e+00]
Presolve removed 728 rows and 185 columns
Presolve time: 0.05s
Presolved: 401 rows, 205 columns, 1880 nonzeros
Variable types: 0 continuous, 205 integer (205 binary)
Found heuristic solution: objective 2.4000195

Root relaxation: objective 2.026069e+00, 280 iterations, 0.02 seconds

    Nodes    |    Current Node    |     Objective Bounds      |     Work
 Expl Unexpl |  Obj  Depth IntInf | Incumbent    BestBd   Gap | It/Node Time

*    0     0               0       2.0260689    2.02607  0.00%     -    0s

Explored 0 nodes (280 simplex iterations) in 0.09 seconds
Thread count was 2 (of 4 available processors)

Optimal solution found (tolerance 1.00e-04)
Best objective 2.026068929375e+00, best bound 2.026068929375e+00, gap 0.0%

Gurobi 6.0.4 (win64) logging started 06/23/15 17:32:40

Optimize a model with 1129 rows, 390 columns and 4031 nonzeros
Coefficient statistics:
  Matrix range    [3e-02, 5e+00]
  Objective range [2e-02, 8e-01]
  Bounds range    [1e+00, 1e+00]
  RHS range       [5e-01, 9e+00]
Presolve removed 728 rows and 185 columns
Presolve time: 0.05s
Presolved: 401 rows, 205 columns, 1880 nonzeros
Variable types: 0 continuous, 205 integer (205 binary)
Found heuristic solution: objective 2.4000195

Root relaxation: objective 2.026069e+00, 280 iterations, 0.02 seconds

    Nodes    |    Current Node    |     Objective Bounds      |     Work
 Expl Unexpl |  Obj  Depth IntInf | Incumbent    BestBd   Gap | It/Node Time

*    0     0               0       2.0260689    2.02607  0.00%     -    0s

Explored 0 nodes (280 simplex iterations) in 0.09 seconds
Thread count was 2 (of 4 available processors)

Optimal solution found (tolerance 1.00e-04)
Best objective 2.026068929375e+00, best bound 2.026068929375e+00, gap 0.0%

Gurobi 6.0.4 (win64) logging started 06/23/15 17:32:47

Optimize a model with 1129 rows, 390 columns and 4031 nonzeros
Coefficient statistics:
  Matrix range    [3e-02, 5e+00]
  Objective range [2e-02, 8e-01]
  Bounds range    [1e+00, 1e+00]
  RHS range       [5e-01, 9e+00]
Presolve removed 728 rows and 185 columns
Presolve time: 0.04s
Presolved: 401 rows, 205 columns, 1880 nonzeros
Variable types: 0 continuous, 205 integer (205 binary)
Found heuristic solution: objective 2.4000195

Root relaxation: objective 2.026069e+00, 280 iterations, 0.02 seconds

    Nodes    |    Current Node    |     Objective Bounds      |     Work
 Expl Unexpl |  Obj  Depth IntInf | Incumbent    BestBd   Gap | It/Node Time

*    0     0               0       2.0260689    2.02607  0.00%     -    0s

Explored 0 nodes (280 simplex iterations) in 0.08 seconds
Thread count was 2 (of 4 available processors)

Optimal solution found (tolerance 1.00e-04)
Best objective 2.026068929375e+00, best bound 2.026068929375e+00, gap 0.0%
Optimize a model with 1150 rows, 390 columns and 4052 nonzeros
Coefficient statistics:
  Matrix range    [3e-02, 5e+00]
  Objective range [2e-02, 8e-01]
  Bounds range    [1e+00, 1e+00]
  RHS range       [5e-01, 9e+00]
Presolve removed 1150 rows and 390 columns
Presolve time: 0.00s

Explored 0 nodes (0 simplex iterations) in 0.01 seconds
Thread count was 1 (of 4 available processors)

Optimal solution found (tolerance 1.00e-04)
Best objective 2.026068929375e+00, best bound 2.026068929375e+00, gap 0.0%
Optimize a model with 1150 rows, 390 columns and 4052 nonzeros
Coefficient statistics:
  Matrix range    [3e-02, 5e+00]
  Objective range [1e+00, 1e+00]
  Bounds range    [1e+00, 1e+00]
  RHS range       [5e-01, 9e+00]
Presolve removed 1150 rows and 390 columns
Presolve time: 0.00s

Explored 0 nodes (0 simplex iterations) in 0.02 seconds
Thread count was 1 (of 4 available processors)

Optimal solution found (tolerance 1.00e-04)
Best objective 0.000000000000e+00, best bound 0.000000000000e+00, gap 0.0%
Optimize a model with 1150 rows, 390 columns and 4052 nonzeros
Coefficient statistics:
  Matrix range    [3e-02, 5e+00]
  Objective range [1e+00, 1e+00]
  Bounds range    [1e+00, 1e+00]
  RHS range       [5e-01, 9e+00]
Presolve removed 1150 rows and 390 columns
Presolve time: 0.00s

Explored 0 nodes (0 simplex iterations) in 0.02 seconds
Thread count was 1 (of 4 available processors)

Optimal solution found (tolerance 1.00e-04)
Best objective 0.000000000000e+00, best bound 0.000000000000e+00, gap 0.0%

Gurobi 6.0.4 (win64) logging started 06/23/15 17:33:17

Optimize a model with 1129 rows, 390 columns and 4031 nonzeros
Coefficient statistics:
  Matrix range    [3e-02, 5e+00]
  Objective range [2e-02, 8e-01]
  Bounds range    [1e+00, 1e+00]
  RHS range       [5e-01, 9e+00]
Presolve removed 728 rows and 185 columns
Presolve time: 0.04s
Presolved: 401 rows, 205 columns, 1880 nonzeros
Variable types: 0 continuous, 205 integer (205 binary)
Found heuristic solution: objective 2.4000195

Root relaxation: objective 2.026069e+00, 280 iterations, 0.02 seconds

    Nodes    |    Current Node    |     Objective Bounds      |     Work
 Expl Unexpl |  Obj  Depth IntInf | Incumbent    BestBd   Gap | It/Node Time

*    0     0               0       2.0260689    2.02607  0.00%     -    0s

Explored 0 nodes (280 simplex iterations) in 0.08 seconds
Thread count was 2 (of 4 available processors)

Optimal solution found (tolerance 1.00e-04)
Best objective 2.026068929375e+00, best bound 2.026068929375e+00, gap 0.0%

Gurobi 6.0.4 (win64) logging started 06/23/15 17:34:03

Optimize a model with 1129 rows, 390 columns and 4031 nonzeros
Coefficient statistics:
  Matrix range    [3e-02, 5e+00]
  Objective range [2e-02, 8e-01]
  Bounds range    [1e+00, 1e+00]
  RHS range       [5e-01, 9e+00]
Presolve removed 728 rows and 185 columns
Presolve time: 0.04s
Presolved: 401 rows, 205 columns, 1880 nonzeros
Variable types: 0 continuous, 205 integer (205 binary)
Found heuristic solution: objective 2.4000195

Root relaxation: objective 2.026069e+00, 280 iterations, 0.02 seconds

    Nodes    |    Current Node    |     Objective Bounds      |     Work
 Expl Unexpl |  Obj  Depth IntInf | Incumbent    BestBd   Gap | It/Node Time

*    0     0               0       2.0260689    2.02607  0.00%     -    0s

Explored 0 nodes (280 simplex iterations) in 0.08 seconds
Thread count was 2 (of 4 available processors)

Optimal solution found (tolerance 1.00e-04)
Best objective 2.026068929375e+00, best bound 2.026068929375e+00, gap 0.0%

Gurobi 6.0.4 (win64) logging started 06/23/15 17:34:22

Optimize a model with 1129 rows, 390 columns and 4031 nonzeros
Coefficient statistics:
  Matrix range    [3e-02, 5e+00]
  Objective range [2e-02, 8e-01]
  Bounds range    [1e+00, 1e+00]
  RHS range       [5e-01, 9e+00]
Presolve removed 728 rows and 185 columns
Presolve time: 0.04s
Presolved: 401 rows, 205 columns, 1880 nonzeros
Variable types: 0 continuous, 205 integer (205 binary)
Found heuristic solution: objective 2.4000195

Root relaxation: objective 2.026069e+00, 280 iterations, 0.02 seconds

    Nodes    |    Current Node    |     Objective Bounds      |     Work
 Expl Unexpl |  Obj  Depth IntInf | Incumbent    BestBd   Gap | It/Node Time

*    0     0               0       2.0260689    2.02607  0.00%     -    0s

Explored 0 nodes (280 simplex iterations) in 0.08 seconds
Thread count was 2 (of 4 available processors)

Optimal solution found (tolerance 1.00e-04)
Best objective 2.026068929375e+00, best bound 2.026068929375e+00, gap 0.0%
Optimize a model with 1150 rows, 390 columns and 4052 nonzeros
Coefficient statistics:
  Matrix range    [3e-02, 5e+00]
  Objective range [2e-02, 8e-01]
  Bounds range    [1e+00, 1e+00]
  RHS range       [5e-01, 9e+00]
Presolve removed 1150 rows and 390 columns
Presolve time: 0.00s

Explored 0 nodes (0 simplex iterations) in 0.01 seconds
Thread count was 1 (of 4 available processors)

Optimal solution found (tolerance 1.00e-04)
Best objective 2.026068929375e+00, best bound 2.026068929375e+00, gap 0.0%
Optimize a model with 1150 rows, 390 columns and 4052 nonzeros
Coefficient statistics:
  Matrix range    [3e-02, 5e+00]
  Objective range [1e+00, 1e+00]
  Bounds range    [1e+00, 1e+00]
  RHS range       [5e-01, 9e+00]
Presolve removed 1150 rows and 390 columns
Presolve time: 0.00s

Explored 0 nodes (0 simplex iterations) in 0.01 seconds
Thread count was 1 (of 4 available processors)

Optimal solution found (tolerance 1.00e-04)
Best objective 0.000000000000e+00, best bound 0.000000000000e+00, gap 0.0%
Optimize a model with 1150 rows, 390 columns and 4052 nonzeros
Coefficient statistics:
  Matrix range    [3e-02, 5e+00]
  Objective range [1e+00, 1e+00]
  Bounds range    [1e+00, 1e+00]
  RHS range       [5e-01, 9e+00]
Presolve removed 1150 rows and 390 columns
Presolve time: 0.01s

Explored 0 nodes (0 simplex iterations) in 0.03 seconds
Thread count was 1 (of 4 available processors)

Optimal solution found (tolerance 1.00e-04)
Best objective 0.000000000000e+00, best bound 0.000000000000e+00, gap 0.0%

Gurobi 6.0.4 (win64) logging started 06/23/15 17:34:28

Optimize a model with 1129 rows, 390 columns and 4031 nonzeros
Coefficient statistics:
  Matrix range    [3e-02, 5e+00]
  Objective range [2e-02, 8e-01]
  Bounds range    [1e+00, 1e+00]
  RHS range       [5e-01, 9e+00]
Presolve removed 728 rows and 185 columns
Presolve time: 0.04s
Presolved: 401 rows, 205 columns, 1880 nonzeros
Variable types: 0 continuous, 205 integer (205 binary)
Found heuristic solution: objective 2.4000195

Root relaxation: objective 2.026069e+00, 280 iterations, 0.02 seconds

    Nodes    |    Current Node    |     Objective Bounds      |     Work
 Expl Unexpl |  Obj  Depth IntInf | Incumbent    BestBd   Gap | It/Node Time

*    0     0               0       2.0260689    2.02607  0.00%     -    0s

Explored 0 nodes (280 simplex iterations) in 0.08 seconds
Thread count was 2 (of 4 available processors)

Optimal solution found (tolerance 1.00e-04)
Best objective 2.026068929375e+00, best bound 2.026068929375e+00, gap 0.0%
Optimize a model with 1150 rows, 390 columns and 4052 nonzeros
Coefficient statistics:
  Matrix range    [3e-02, 5e+00]
  Objective range [2e-02, 8e-01]
  Bounds range    [1e+00, 1e+00]
  RHS range       [5e-01, 9e+00]
Presolve removed 1150 rows and 390 columns
Presolve time: 0.00s

Explored 0 nodes (0 simplex iterations) in 0.01 seconds
Thread count was 1 (of 4 available processors)

Optimal solution found (tolerance 1.00e-04)
Best objective 2.026068929375e+00, best bound 2.026068929375e+00, gap 0.0%
Optimize a model with 1150 rows, 390 columns and 4052 nonzeros
Coefficient statistics:
  Matrix range    [3e-02, 5e+00]
  Objective range [1e+00, 1e+00]
  Bounds range    [1e+00, 1e+00]
  RHS range       [5e-01, 9e+00]
Presolve removed 1150 rows and 390 columns
Presolve time: 0.00s

Explored 0 nodes (0 simplex iterations) in 0.02 seconds
Thread count was 1 (of 4 available processors)

Optimal solution found (tolerance 1.00e-04)
Best objective 0.000000000000e+00, best bound 0.000000000000e+00, gap 0.0%
Optimize a model with 1150 rows, 390 columns and 4052 nonzeros
Coefficient statistics:
  Matrix range    [3e-02, 5e+00]
  Objective range [1e+00, 1e+00]
  Bounds range    [1e+00, 1e+00]
  RHS range       [5e-01, 9e+00]
Presolve removed 1150 rows and 390 columns
Presolve time: 0.00s

Explored 0 nodes (0 simplex iterations) in 0.01 seconds
Thread count was 1 (of 4 available processors)

Optimal solution found (tolerance 1.00e-04)
Best objective 0.000000000000e+00, best bound 0.000000000000e+00, gap 0.0%

Gurobi 6.0.4 (win64) logging started 06/23/15 17:37:09

Optimize a model with 1129 rows, 390 columns and 4031 nonzeros
Coefficient statistics:
  Matrix range    [3e-02, 5e+00]
  Objective range [2e-02, 8e-01]
  Bounds range    [1e+00, 1e+00]
  RHS range       [5e-01, 9e+00]
Presolve removed 728 rows and 185 columns
Presolve time: 0.05s
Presolved: 401 rows, 205 columns, 1880 nonzeros
Variable types: 0 continuous, 205 integer (205 binary)
Found heuristic solution: objective 2.4000195

Root relaxation: objective 2.026069e+00, 280 iterations, 0.02 seconds

    Nodes    |    Current Node    |     Objective Bounds      |     Work
 Expl Unexpl |  Obj  Depth IntInf | Incumbent    BestBd   Gap | It/Node Time

*    0     0               0       2.0260689    2.02607  0.00%     -    0s

Explored 0 nodes (280 simplex iterations) in 0.09 seconds
Thread count was 2 (of 4 available processors)

Optimal solution found (tolerance 1.00e-04)
Best objective 2.026068929375e+00, best bound 2.026068929375e+00, gap 0.0%

Gurobi 6.0.4 (win64) logging started 06/23/15 17:46:49

Optimize a model with 1129 rows, 390 columns and 4031 nonzeros
Coefficient statistics:
  Matrix range    [3e-02, 5e+00]
  Objective range [2e-02, 8e-01]
  Bounds range    [1e+00, 1e+00]
  RHS range       [5e-01, 9e+00]
Presolve removed 728 rows and 185 columns
Presolve time: 0.05s
Presolved: 401 rows, 205 columns, 1880 nonzeros
Variable types: 0 continuous, 205 integer (205 binary)
Found heuristic solution: objective 2.4000195

Root relaxation: objective 2.026069e+00, 280 iterations, 0.02 seconds

    Nodes    |    Current Node    |     Objective Bounds      |     Work
 Expl Unexpl |  Obj  Depth IntInf | Incumbent    BestBd   Gap | It/Node Time

*    0     0               0       2.0260689    2.02607  0.00%     -    0s

Explored 0 nodes (280 simplex iterations) in 0.09 seconds
Thread count was 2 (of 4 available processors)

Optimal solution found (tolerance 1.00e-04)
Best objective 2.026068929375e+00, best bound 2.026068929375e+00, gap 0.0%

Gurobi 6.0.4 (win64) logging started 06/23/15 17:47:28

Optimize a model with 1129 rows, 390 columns and 4031 nonzeros
Coefficient statistics:
  Matrix range    [3e-02, 5e+00]
  Objective range [2e-02, 8e-01]
  Bounds range    [1e+00, 1e+00]
  RHS range       [5e-01, 9e+00]
Presolve removed 728 rows and 185 columns
Presolve time: 0.04s
Presolved: 401 rows, 205 columns, 1880 nonzeros
Variable types: 0 continuous, 205 integer (205 binary)
Found heuristic solution: objective 2.4000195

Root relaxation: objective 2.026069e+00, 280 iterations, 0.02 seconds

    Nodes    |    Current Node    |     Objective Bounds      |     Work
 Expl Unexpl |  Obj  Depth IntInf | Incumbent    BestBd   Gap | It/Node Time

*    0     0               0       2.0260689    2.02607  0.00%     -    0s

Explored 0 nodes (280 simplex iterations) in 0.08 seconds
Thread count was 2 (of 4 available processors)

Optimal solution found (tolerance 1.00e-04)
Best objective 2.026068929375e+00, best bound 2.026068929375e+00, gap 0.0%
Optimize a model with 1150 rows, 390 columns and 4052 nonzeros
Coefficient statistics:
  Matrix range    [3e-02, 5e+00]
  Objective range [2e-02, 8e-01]
  Bounds range    [1e+00, 1e+00]
  RHS range       [5e-01, 9e+00]
Presolve removed 1150 rows and 390 columns
Presolve time: 0.00s

Explored 0 nodes (0 simplex iterations) in 0.01 seconds
Thread count was 1 (of 4 available processors)

Optimal solution found (tolerance 1.00e-04)
Best objective 2.026068929375e+00, best bound 2.026068929375e+00, gap 0.0%
Optimize a model with 1150 rows, 390 columns and 4052 nonzeros
Coefficient statistics:
  Matrix range    [3e-02, 5e+00]
  Objective range [1e+00, 1e+00]
  Bounds range    [1e+00, 1e+00]
  RHS range       [5e-01, 9e+00]
Presolve removed 1150 rows and 390 columns
Presolve time: 0.00s

Explored 0 nodes (0 simplex iterations) in 0.01 seconds
Thread count was 1 (of 4 available processors)

Optimal solution found (tolerance 1.00e-04)
Best objective 0.000000000000e+00, best bound 0.000000000000e+00, gap 0.0%
Optimize a model with 1150 rows, 390 columns and 4052 nonzeros
Coefficient statistics:
  Matrix range    [3e-02, 5e+00]
  Objective range [1e+00, 1e+00]
  Bounds range    [1e+00, 1e+00]
  RHS range       [5e-01, 9e+00]
Presolve removed 1150 rows and 390 columns
Presolve time: 0.00s

Explored 0 nodes (0 simplex iterations) in 0.01 seconds
Thread count was 1 (of 4 available processors)

Optimal solution found (tolerance 1.00e-04)
Best objective 0.000000000000e+00, best bound 0.000000000000e+00, gap 0.0%

Gurobi 6.0.4 (win64) logging started 06/23/15 17:48:14

Optimize a model with 1129 rows, 390 columns and 4031 nonzeros
Coefficient statistics:
  Matrix range    [3e-02, 5e+00]
  Objective range [2e-02, 8e-01]
  Bounds range    [1e+00, 1e+00]
  RHS range       [5e-01, 9e+00]
Presolve removed 728 rows and 185 columns
Presolve time: 0.05s
Presolved: 401 rows, 205 columns, 1880 nonzeros
Variable types: 0 continuous, 205 integer (205 binary)
Found heuristic solution: objective 2.4000195

Root relaxation: objective 2.026069e+00, 280 iterations, 0.02 seconds

    Nodes    |    Current Node    |     Objective Bounds      |     Work
 Expl Unexpl |  Obj  Depth IntInf | Incumbent    BestBd   Gap | It/Node Time

*    0     0               0       2.0260689    2.02607  0.00%     -    0s

Explored 0 nodes (280 simplex iterations) in 0.09 seconds
Thread count was 2 (of 4 available processors)

Optimal solution found (tolerance 1.00e-04)
Best objective 2.026068929375e+00, best bound 2.026068929375e+00, gap 0.0%

Gurobi 6.0.4 (win64) logging started 06/23/15 17:49:08

Optimize a model with 1129 rows, 390 columns and 4031 nonzeros
Coefficient statistics:
  Matrix range    [3e-02, 5e+00]
  Objective range [2e-02, 8e-01]
  Bounds range    [1e+00, 1e+00]
  RHS range       [5e-01, 9e+00]
Presolve removed 728 rows and 185 columns
Presolve time: 0.05s
Presolved: 401 rows, 205 columns, 1880 nonzeros
Variable types: 0 continuous, 205 integer (205 binary)
Found heuristic solution: objective 2.4000195

Root relaxation: objective 2.026069e+00, 280 iterations, 0.02 seconds

    Nodes    |    Current Node    |     Objective Bounds      |     Work
 Expl Unexpl |  Obj  Depth IntInf | Incumbent    BestBd   Gap | It/Node Time

*    0     0               0       2.0260689    2.02607  0.00%     -    0s

Explored 0 nodes (280 simplex iterations) in 0.09 seconds
Thread count was 2 (of 4 available processors)

Optimal solution found (tolerance 1.00e-04)
Best objective 2.026068929375e+00, best bound 2.026068929375e+00, gap 0.0%

Gurobi 6.0.4 (win64) logging started 06/23/15 17:49:11

Optimize a model with 1129 rows, 390 columns and 4031 nonzeros
Coefficient statistics:
  Matrix range    [3e-02, 5e+00]
  Objective range [2e-02, 8e-01]
  Bounds range    [1e+00, 1e+00]
  RHS range       [5e-01, 9e+00]
Presolve removed 728 rows and 185 columns
Presolve time: 0.04s
Presolved: 401 rows, 205 columns, 1880 nonzeros
Variable types: 0 continuous, 205 integer (205 binary)
Found heuristic solution: objective 2.4000195

Root relaxation: objective 2.026069e+00, 280 iterations, 0.02 seconds

    Nodes    |    Current Node    |     Objective Bounds      |     Work
 Expl Unexpl |  Obj  Depth IntInf | Incumbent    BestBd   Gap | It/Node Time

*    0     0               0       2.0260689    2.02607  0.00%     -    0s

Explored 0 nodes (280 simplex iterations) in 0.08 seconds
Thread count was 2 (of 4 available processors)

Optimal solution found (tolerance 1.00e-04)
Best objective 2.026068929375e+00, best bound 2.026068929375e+00, gap 0.0%
Optimize a model with 1150 rows, 390 columns and 4052 nonzeros
Coefficient statistics:
  Matrix range    [3e-02, 5e+00]
  Objective range [2e-02, 8e-01]
  Bounds range    [1e+00, 1e+00]
  RHS range       [5e-01, 9e+00]
Presolve removed 1150 rows and 390 columns
Presolve time: 0.00s

Explored 0 nodes (0 simplex iterations) in 0.02 seconds
Thread count was 1 (of 4 available processors)

Optimal solution found (tolerance 1.00e-04)
Best objective 2.026068929375e+00, best bound 2.026068929375e+00, gap 0.0%
Optimize a model with 1150 rows, 390 columns and 4052 nonzeros
Coefficient statistics:
  Matrix range    [3e-02, 5e+00]
  Objective range [1e+00, 1e+00]
  Bounds range    [1e+00, 1e+00]
  RHS range       [5e-01, 9e+00]
Presolve removed 1150 rows and 390 columns
Presolve time: 0.01s

Explored 0 nodes (0 simplex iterations) in 0.02 seconds
Thread count was 1 (of 4 available processors)

Optimal solution found (tolerance 1.00e-04)
Best objective 0.000000000000e+00, best bound 0.000000000000e+00, gap 0.0%
Optimize a model with 1150 rows, 390 columns and 4052 nonzeros
Coefficient statistics:
  Matrix range    [3e-02, 5e+00]
  Objective range [1e+00, 1e+00]
  Bounds range    [1e+00, 1e+00]
  RHS range       [5e-01, 9e+00]
Presolve removed 1150 rows and 390 columns
Presolve time: 0.00s

Explored 0 nodes (0 simplex iterations) in 0.02 seconds
Thread count was 1 (of 4 available processors)

Optimal solution found (tolerance 1.00e-04)
Best objective 0.000000000000e+00, best bound 0.000000000000e+00, gap 0.0%

Gurobi 6.0.4 (win64) logging started 06/23/15 17:49:48

Optimize a model with 1129 rows, 390 columns and 4031 nonzeros
Coefficient statistics:
  Matrix range    [3e-02, 5e+00]
  Objective range [2e-02, 8e-01]
  Bounds range    [1e+00, 1e+00]
  RHS range       [5e-01, 9e+00]
Presolve removed 728 rows and 185 columns
Presolve time: 0.05s
Presolved: 401 rows, 205 columns, 1880 nonzeros
Variable types: 0 continuous, 205 integer (205 binary)
Found heuristic solution: objective 2.4000195

Root relaxation: objective 2.026069e+00, 280 iterations, 0.02 seconds

    Nodes    |    Current Node    |     Objective Bounds      |     Work
 Expl Unexpl |  Obj  Depth IntInf | Incumbent    BestBd   Gap | It/Node Time

*    0     0               0       2.0260689    2.02607  0.00%     -    0s

Explored 0 nodes (280 simplex iterations) in 0.10 seconds
Thread count was 2 (of 4 available processors)

Optimal solution found (tolerance 1.00e-04)
Best objective 2.026068929375e+00, best bound 2.026068929375e+00, gap 0.0%

Gurobi 6.0.4 (win64) logging started 06/23/15 17:50:13

Optimize a model with 1129 rows, 390 columns and 4031 nonzeros
Coefficient statistics:
  Matrix range    [3e-02, 5e+00]
  Objective range [2e-02, 8e-01]
  Bounds range    [1e+00, 1e+00]
  RHS range       [5e-01, 9e+00]
Presolve removed 728 rows and 185 columns
Presolve time: 0.05s
Presolved: 401 rows, 205 columns, 1880 nonzeros
Variable types: 0 continuous, 205 integer (205 binary)
Found heuristic solution: objective 2.4000195

Root relaxation: objective 2.026069e+00, 280 iterations, 0.03 seconds

    Nodes    |    Current Node    |     Objective Bounds      |     Work
 Expl Unexpl |  Obj  Depth IntInf | Incumbent    BestBd   Gap | It/Node Time

*    0     0               0       2.0260689    2.02607  0.00%     -    0s

Explored 0 nodes (280 simplex iterations) in 0.10 seconds
Thread count was 2 (of 4 available processors)

Optimal solution found (tolerance 1.00e-04)
Best objective 2.026068929375e+00, best bound 2.026068929375e+00, gap 0.0%
Optimize a model with 1150 rows, 390 columns and 4052 nonzeros
Coefficient statistics:
  Matrix range    [3e-02, 5e+00]
  Objective range [2e-02, 8e-01]
  Bounds range    [1e+00, 1e+00]
  RHS range       [5e-01, 9e+00]
Presolve removed 1150 rows and 390 columns
Presolve time: 0.00s

Explored 0 nodes (0 simplex iterations) in 0.02 seconds
Thread count was 1 (of 4 available processors)

Optimal solution found (tolerance 1.00e-04)
Best objective 2.026068929375e+00, best bound 2.026068929375e+00, gap 0.0%
Optimize a model with 1150 rows, 390 columns and 4052 nonzeros
Coefficient statistics:
  Matrix range    [3e-02, 5e+00]
  Objective range [1e+00, 1e+00]
  Bounds range    [1e+00, 1e+00]
  RHS range       [5e-01, 9e+00]
Presolve removed 1150 rows and 390 columns
Presolve time: 0.00s

Explored 0 nodes (0 simplex iterations) in 0.01 seconds
Thread count was 1 (of 4 available processors)

Optimal solution found (tolerance 1.00e-04)
Best objective 0.000000000000e+00, best bound 0.000000000000e+00, gap 0.0%
Optimize a model with 1150 rows, 390 columns and 4052 nonzeros
Coefficient statistics:
  Matrix range    [3e-02, 5e+00]
  Objective range [1e+00, 1e+00]
  Bounds range    [1e+00, 1e+00]
  RHS range       [5e-01, 9e+00]
Presolve removed 1150 rows and 390 columns
Presolve time: 0.00s

Explored 0 nodes (0 simplex iterations) in 0.02 seconds
Thread count was 1 (of 4 available processors)

Optimal solution found (tolerance 1.00e-04)
Best objective 0.000000000000e+00, best bound 0.000000000000e+00, gap 0.0%

Gurobi 6.0.4 (win64) logging started 06/23/15 17:52:23

Optimize a model with 136 rows, 57 columns and 380 nonzeros
Coefficient statistics:
  Matrix range    [1e-01, 3e+00]
  Objective range [8e-02, 3e-01]
  Bounds range    [1e+00, 1e+00]
  RHS range       [5e-01, 8e+00]
Presolve removed 110 rows and 38 columns
Presolve time: 0.01s
Presolved: 26 rows, 19 columns, 85 nonzeros
Variable types: 0 continuous, 19 integer (19 binary)
Found heuristic solution: objective 0.9816257
Found heuristic solution: objective 0.9299324

Root relaxation: cutoff, 0 iterations, 0.00 seconds

Explored 0 nodes (0 simplex iterations) in 0.01 seconds
Thread count was 2 (of 4 available processors)

Optimal solution found (tolerance 1.00e-04)
Best objective 9.299324312500e-01, best bound 9.299324312500e-01, gap 0.0%
Optimize a model with 140 rows, 57 columns and 384 nonzeros
Coefficient statistics:
  Matrix range    [1e-01, 3e+00]
  Objective range [8e-02, 3e-01]
  Bounds range    [1e+00, 1e+00]
  RHS range       [5e-01, 8e+00]
Presolve removed 140 rows and 57 columns
Presolve time: 0.00s

Explored 0 nodes (0 simplex iterations) in 0.00 seconds
Thread count was 1 (of 4 available processors)

Optimal solution found (tolerance 1.00e-04)
Best objective 9.299324312500e-01, best bound 9.299324312500e-01, gap 0.0%
Optimize a model with 140 rows, 57 columns and 384 nonzeros
Coefficient statistics:
  Matrix range    [1e-01, 3e+00]
  Objective range [1e+00, 1e+00]
  Bounds range    [1e+00, 1e+00]
  RHS range       [5e-01, 8e+00]
Presolve removed 140 rows and 57 columns
Presolve time: 0.00s

Explored 0 nodes (0 simplex iterations) in 0.00 seconds
Thread count was 1 (of 4 available processors)

Optimal solution found (tolerance 1.00e-04)
Best objective 0.000000000000e+00, best bound 0.000000000000e+00, gap 0.0%
Optimize a model with 140 rows, 57 columns and 384 nonzeros
Coefficient statistics:
  Matrix range    [1e-01, 3e+00]
  Objective range [1e+00, 1e+00]
  Bounds range    [1e+00, 1e+00]
  RHS range       [5e-01, 8e+00]
Presolve removed 140 rows and 57 columns
Presolve time: 0.00s

Explored 0 nodes (0 simplex iterations) in 0.00 seconds
Thread count was 1 (of 4 available processors)

Optimal solution found (tolerance 1.00e-04)
Best objective 0.000000000000e+00, best bound 0.000000000000e+00, gap 0.0%

Gurobi 6.0.4 (win64) logging started 06/23/15 17:52:34

Optimize a model with 136 rows, 57 columns and 380 nonzeros
Coefficient statistics:
  Matrix range    [1e-01, 3e+00]
  Objective range [8e-02, 3e-01]
  Bounds range    [1e+00, 1e+00]
  RHS range       [5e-01, 8e+00]
Presolve removed 110 rows and 38 columns
Presolve time: 0.00s
Presolved: 26 rows, 19 columns, 85 nonzeros
Variable types: 0 continuous, 19 integer (19 binary)
Found heuristic solution: objective 0.9816257
Found heuristic solution: objective 0.9299324

Root relaxation: cutoff, 0 iterations, 0.00 seconds

Explored 0 nodes (0 simplex iterations) in 0.01 seconds
Thread count was 2 (of 4 available processors)

Optimal solution found (tolerance 1.00e-04)
Best objective 9.299324312500e-01, best bound 9.299324312500e-01, gap 0.0%

Gurobi 6.0.4 (win64) logging started 06/23/15 17:52:55

Optimize a model with 1129 rows, 390 columns and 4031 nonzeros
Coefficient statistics:
  Matrix range    [3e-02, 5e+00]
  Objective range [2e-02, 8e-01]
  Bounds range    [1e+00, 1e+00]
  RHS range       [5e-01, 9e+00]
Presolve removed 728 rows and 185 columns
Presolve time: 0.07s
Presolved: 401 rows, 205 columns, 1880 nonzeros
Variable types: 0 continuous, 205 integer (205 binary)
Found heuristic solution: objective 2.4000195

Root relaxation: objective 2.026069e+00, 280 iterations, 0.04 seconds

    Nodes    |    Current Node    |     Objective Bounds      |     Work
 Expl Unexpl |  Obj  Depth IntInf | Incumbent    BestBd   Gap | It/Node Time

*    0     0               0       2.0260689    2.02607  0.00%     -    0s

Explored 0 nodes (280 simplex iterations) in 0.13 seconds
Thread count was 2 (of 4 available processors)

Optimal solution found (tolerance 1.00e-04)
Best objective 2.026068929375e+00, best bound 2.026068929375e+00, gap 0.0%

Gurobi 6.0.4 (win64) logging started 06/23/15 17:55:15

Optimize a model with 1129 rows, 390 columns and 4031 nonzeros
Coefficient statistics:
  Matrix range    [3e-02, 5e+00]
  Objective range [2e-02, 8e-01]
  Bounds range    [1e+00, 1e+00]
  RHS range       [5e-01, 9e+00]
Presolve removed 728 rows and 185 columns
Presolve time: 0.05s
Presolved: 401 rows, 205 columns, 1880 nonzeros
Variable types: 0 continuous, 205 integer (205 binary)
Found heuristic solution: objective 2.4000195

Root relaxation: objective 2.026069e+00, 280 iterations, 0.02 seconds

    Nodes    |    Current Node    |     Objective Bounds      |     Work
 Expl Unexpl |  Obj  Depth IntInf | Incumbent    BestBd   Gap | It/Node Time

*    0     0               0       2.0260689    2.02607  0.00%     -    0s

Explored 0 nodes (280 simplex iterations) in 0.10 seconds
Thread count was 2 (of 4 available processors)

Optimal solution found (tolerance 1.00e-04)
Best objective 2.026068929375e+00, best bound 2.026068929375e+00, gap 0.0%

Gurobi 6.0.4 (win64) logging started 06/23/15 17:55:19

Optimize a model with 1129 rows, 390 columns and 4029 nonzeros
Coefficient statistics:
  Matrix range    [3e-02, 5e+00]
  Objective range [2e-02, 8e-01]
  Bounds range    [1e+00, 1e+00]
  RHS range       [5e-01, 9e+00]
Presolve removed 728 rows and 185 columns
Presolve time: 0.06s
Presolved: 401 rows, 205 columns, 1880 nonzeros
Variable types: 0 continuous, 205 integer (205 binary)
Found heuristic solution: objective 2.4000195

Root relaxation: objective 2.026069e+00, 273 iterations, 0.02 seconds

    Nodes    |    Current Node    |     Objective Bounds      |     Work
 Expl Unexpl |  Obj  Depth IntInf | Incumbent    BestBd   Gap | It/Node Time

*    0     0               0       2.0260689    2.02607  0.00%     -    0s

Explored 0 nodes (273 simplex iterations) in 0.10 seconds
Thread count was 2 (of 4 available processors)

Optimal solution found (tolerance 1.00e-04)
Best objective 2.026068929375e+00, best bound 2.026068929375e+00, gap 0.0%
Optimize a model with 1150 rows, 390 columns and 4050 nonzeros
Coefficient statistics:
  Matrix range    [3e-02, 5e+00]
  Objective range [2e-02, 8e-01]
  Bounds range    [1e+00, 1e+00]
  RHS range       [5e-01, 9e+00]
Presolve removed 1150 rows and 390 columns
Presolve time: 0.00s

Explored 0 nodes (0 simplex iterations) in 0.02 seconds
Thread count was 1 (of 4 available processors)

Optimal solution found (tolerance 1.00e-04)
Best objective 2.026068929375e+00, best bound 2.026068929375e+00, gap 0.0%
Optimize a model with 1150 rows, 390 columns and 4050 nonzeros
Coefficient statistics:
  Matrix range    [3e-02, 5e+00]
  Objective range [1e+00, 1e+00]
  Bounds range    [1e+00, 1e+00]
  RHS range       [5e-01, 9e+00]
Presolve removed 1150 rows and 390 columns
Presolve time: 0.00s

Explored 0 nodes (0 simplex iterations) in 0.01 seconds
Thread count was 1 (of 4 available processors)

Optimal solution found (tolerance 1.00e-04)
Best objective 0.000000000000e+00, best bound 0.000000000000e+00, gap 0.0%
Optimize a model with 1150 rows, 390 columns and 4050 nonzeros
Coefficient statistics:
  Matrix range    [3e-02, 5e+00]
  Objective range [1e+00, 1e+00]
  Bounds range    [1e+00, 1e+00]
  RHS range       [5e-01, 9e+00]
Presolve removed 1150 rows and 390 columns
Presolve time: 0.00s

Explored 0 nodes (0 simplex iterations) in 0.01 seconds
Thread count was 1 (of 4 available processors)

Optimal solution found (tolerance 1.00e-04)
Best objective 0.000000000000e+00, best bound 0.000000000000e+00, gap 0.0%

Gurobi 6.0.4 (win64) logging started 06/23/15 17:55:31

Optimize a model with 1129 rows, 390 columns and 4031 nonzeros
Coefficient statistics:
  Matrix range    [3e-02, 5e+00]
  Objective range [2e-02, 8e-01]
  Bounds range    [1e+00, 1e+00]
  RHS range       [5e-01, 9e+00]
Presolve removed 728 rows and 185 columns
Presolve time: 0.05s
Presolved: 401 rows, 205 columns, 1880 nonzeros
Variable types: 0 continuous, 205 integer (205 binary)
Found heuristic solution: objective 2.4000195

Root relaxation: objective 2.026069e+00, 280 iterations, 0.02 seconds

    Nodes    |    Current Node    |     Objective Bounds      |     Work
 Expl Unexpl |  Obj  Depth IntInf | Incumbent    BestBd   Gap | It/Node Time

*    0     0               0       2.0260689    2.02607  0.00%     -    0s

Explored 0 nodes (280 simplex iterations) in 0.08 seconds
Thread count was 2 (of 4 available processors)

Optimal solution found (tolerance 1.00e-04)
Best objective 2.026068929375e+00, best bound 2.026068929375e+00, gap 0.0%

Gurobi 6.0.4 (win64) logging started 06/23/15 17:56:42

Optimize a model with 1129 rows, 390 columns and 4031 nonzeros
Coefficient statistics:
  Matrix range    [3e-02, 5e+00]
  Objective range [2e-02, 8e-01]
  Bounds range    [1e+00, 1e+00]
  RHS range       [5e-01, 9e+00]
Presolve removed 728 rows and 185 columns
Presolve time: 0.05s
Presolved: 401 rows, 205 columns, 1880 nonzeros
Variable types: 0 continuous, 205 integer (205 binary)
Found heuristic solution: objective 2.4000195

Root relaxation: objective 2.026069e+00, 280 iterations, 0.02 seconds

    Nodes    |    Current Node    |     Objective Bounds      |     Work
 Expl Unexpl |  Obj  Depth IntInf | Incumbent    BestBd   Gap | It/Node Time

*    0     0               0       2.0260689    2.02607  0.00%     -    0s

Explored 0 nodes (280 simplex iterations) in 0.09 seconds
Thread count was 2 (of 4 available processors)

Optimal solution found (tolerance 1.00e-04)
Best objective 2.026068929375e+00, best bound 2.026068929375e+00, gap 0.0%

Gurobi 6.0.4 (win64) logging started 06/23/15 17:56:51

Optimize a model with 1129 rows, 390 columns and 4031 nonzeros
Coefficient statistics:
  Matrix range    [3e-02, 5e+00]
  Objective range [2e-02, 8e-01]
  Bounds range    [1e+00, 1e+00]
  RHS range       [5e-01, 9e+00]
Presolve removed 728 rows and 185 columns
Presolve time: 0.05s
Presolved: 401 rows, 205 columns, 1880 nonzeros
Variable types: 0 continuous, 205 integer (205 binary)
Found heuristic solution: objective 2.4000195

Root relaxation: objective 2.026069e+00, 280 iterations, 0.02 seconds

    Nodes    |    Current Node    |     Objective Bounds      |     Work
 Expl Unexpl |  Obj  Depth IntInf | Incumbent    BestBd   Gap | It/Node Time

*    0     0               0       2.0260689    2.02607  0.00%     -    0s

Explored 0 nodes (280 simplex iterations) in 0.09 seconds
Thread count was 2 (of 4 available processors)

Optimal solution found (tolerance 1.00e-04)
Best objective 2.026068929375e+00, best bound 2.026068929375e+00, gap 0.0%
Optimize a model with 1150 rows, 390 columns and 4052 nonzeros
Coefficient statistics:
  Matrix range    [3e-02, 5e+00]
  Objective range [2e-02, 8e-01]
  Bounds range    [1e+00, 1e+00]
  RHS range       [5e-01, 9e+00]
Presolve removed 1150 rows and 390 columns
Presolve time: 0.00s

Explored 0 nodes (0 simplex iterations) in 0.02 seconds
Thread count was 1 (of 4 available processors)

Optimal solution found (tolerance 1.00e-04)
Best objective 2.026068929375e+00, best bound 2.026068929375e+00, gap 0.0%
Optimize a model with 1150 rows, 390 columns and 4052 nonzeros
Coefficient statistics:
  Matrix range    [3e-02, 5e+00]
  Objective range [1e+00, 1e+00]
  Bounds range    [1e+00, 1e+00]
  RHS range       [5e-01, 9e+00]
Presolve removed 1150 rows and 390 columns
Presolve time: 0.00s

Explored 0 nodes (0 simplex iterations) in 0.01 seconds
Thread count was 1 (of 4 available processors)

Optimal solution found (tolerance 1.00e-04)
Best objective 0.000000000000e+00, best bound 0.000000000000e+00, gap 0.0%
Optimize a model with 1150 rows, 390 columns and 4052 nonzeros
Coefficient statistics:
  Matrix range    [3e-02, 5e+00]
  Objective range [1e+00, 1e+00]
  Bounds range    [1e+00, 1e+00]
  RHS range       [5e-01, 9e+00]
Presolve removed 1150 rows and 390 columns
Presolve time: 0.00s

Explored 0 nodes (0 simplex iterations) in 0.01 seconds
Thread count was 1 (of 4 available processors)

Optimal solution found (tolerance 1.00e-04)
Best objective 0.000000000000e+00, best bound 0.000000000000e+00, gap 0.0%

Gurobi 6.0.4 (win64) logging started 06/23/15 17:57:00

Optimize a model with 1129 rows, 390 columns and 4031 nonzeros
Coefficient statistics:
  Matrix range    [3e-02, 5e+00]
  Objective range [2e-02, 8e-01]
  Bounds range    [1e+00, 1e+00]
  RHS range       [5e-01, 9e+00]
Presolve removed 728 rows and 185 columns
Presolve time: 0.05s
Presolved: 401 rows, 205 columns, 1880 nonzeros
Variable types: 0 continuous, 205 integer (205 binary)
Found heuristic solution: objective 2.4000195

Root relaxation: objective 2.026069e+00, 280 iterations, 0.02 seconds

    Nodes    |    Current Node    |     Objective Bounds      |     Work
 Expl Unexpl |  Obj  Depth IntInf | Incumbent    BestBd   Gap | It/Node Time

*    0     0               0       2.0260689    2.02607  0.00%     -    0s

Explored 0 nodes (280 simplex iterations) in 0.08 seconds
Thread count was 2 (of 4 available processors)

Optimal solution found (tolerance 1.00e-04)
Best objective 2.026068929375e+00, best bound 2.026068929375e+00, gap 0.0%

Gurobi 6.0.4 (win64) logging started 06/23/15 17:58:59

Optimize a model with 1129 rows, 390 columns and 4031 nonzeros
Coefficient statistics:
  Matrix range    [3e-02, 5e+00]
  Objective range [2e-02, 8e-01]
  Bounds range    [1e+00, 1e+00]
  RHS range       [5e-01, 9e+00]
Presolve removed 728 rows and 185 columns
Presolve time: 0.05s
Presolved: 401 rows, 205 columns, 1880 nonzeros
Variable types: 0 continuous, 205 integer (205 binary)
Found heuristic solution: objective 2.4000195

Root relaxation: objective 2.026069e+00, 280 iterations, 0.02 seconds

    Nodes    |    Current Node    |     Objective Bounds      |     Work
 Expl Unexpl |  Obj  Depth IntInf | Incumbent    BestBd   Gap | It/Node Time

*    0     0               0       2.0260689    2.02607  0.00%     -    0s

Explored 0 nodes (280 simplex iterations) in 0.10 seconds
Thread count was 2 (of 4 available processors)

Optimal solution found (tolerance 1.00e-04)
Best objective 2.026068929375e+00, best bound 2.026068929375e+00, gap 0.0%

Gurobi 6.0.4 (win64) logging started 06/23/15 17:59:03

Optimize a model with 1129 rows, 390 columns and 4031 nonzeros
Coefficient statistics:
  Matrix range    [3e-02, 5e+00]
  Objective range [2e-02, 8e-01]
  Bounds range    [1e+00, 1e+00]
  RHS range       [5e-01, 9e+00]
Presolve removed 728 rows and 185 columns
Presolve time: 0.05s
Presolved: 401 rows, 205 columns, 1880 nonzeros
Variable types: 0 continuous, 205 integer (205 binary)
Found heuristic solution: objective 2.4000195

Root relaxation: objective 2.026069e+00, 280 iterations, 0.02 seconds

    Nodes    |    Current Node    |     Objective Bounds      |     Work
 Expl Unexpl |  Obj  Depth IntInf | Incumbent    BestBd   Gap | It/Node Time

*    0     0               0       2.0260689    2.02607  0.00%     -    0s

Explored 0 nodes (280 simplex iterations) in 0.08 seconds
Thread count was 2 (of 4 available processors)

Optimal solution found (tolerance 1.00e-04)
Best objective 2.026068929375e+00, best bound 2.026068929375e+00, gap 0.0%
Optimize a model with 1150 rows, 390 columns and 4052 nonzeros
Coefficient statistics:
  Matrix range    [3e-02, 5e+00]
  Objective range [2e-02, 8e-01]
  Bounds range    [1e+00, 1e+00]
  RHS range       [5e-01, 9e+00]
Presolve removed 1150 rows and 390 columns
Presolve time: 0.01s

Explored 0 nodes (0 simplex iterations) in 0.02 seconds
Thread count was 1 (of 4 available processors)

Optimal solution found (tolerance 1.00e-04)
Best objective 2.026068929375e+00, best bound 2.026068929375e+00, gap 0.0%
Optimize a model with 1150 rows, 390 columns and 4052 nonzeros
Coefficient statistics:
  Matrix range    [3e-02, 5e+00]
  Objective range [1e+00, 1e+00]
  Bounds range    [1e+00, 1e+00]
  RHS range       [5e-01, 9e+00]
Presolve removed 1150 rows and 390 columns
Presolve time: 0.00s

Explored 0 nodes (0 simplex iterations) in 0.02 seconds
Thread count was 1 (of 4 available processors)

Optimal solution found (tolerance 1.00e-04)
Best objective 0.000000000000e+00, best bound 0.000000000000e+00, gap 0.0%
Optimize a model with 1150 rows, 390 columns and 4052 nonzeros
Coefficient statistics:
  Matrix range    [3e-02, 5e+00]
  Objective range [1e+00, 1e+00]
  Bounds range    [1e+00, 1e+00]
  RHS range       [5e-01, 9e+00]
Presolve removed 1150 rows and 390 columns
Presolve time: 0.00s

Explored 0 nodes (0 simplex iterations) in 0.01 seconds
Thread count was 1 (of 4 available processors)

Optimal solution found (tolerance 1.00e-04)
Best objective 0.000000000000e+00, best bound 0.000000000000e+00, gap 0.0%

Gurobi 6.0.4 (win64) logging started 06/23/15 17:59:12

Optimize a model with 1129 rows, 390 columns and 4031 nonzeros
Coefficient statistics:
  Matrix range    [3e-02, 5e+00]
  Objective range [2e-02, 8e-01]
  Bounds range    [1e+00, 1e+00]
  RHS range       [5e-01, 9e+00]
Presolve removed 728 rows and 185 columns
Presolve time: 0.05s
Presolved: 401 rows, 205 columns, 1880 nonzeros
Variable types: 0 continuous, 205 integer (205 binary)
Found heuristic solution: objective 2.4000195

Root relaxation: objective 2.026069e+00, 280 iterations, 0.02 seconds

    Nodes    |    Current Node    |     Objective Bounds      |     Work
 Expl Unexpl |  Obj  Depth IntInf | Incumbent    BestBd   Gap | It/Node Time

*    0     0               0       2.0260689    2.02607  0.00%     -    0s

Explored 0 nodes (280 simplex iterations) in 0.08 seconds
Thread count was 2 (of 4 available processors)

Optimal solution found (tolerance 1.00e-04)
Best objective 2.026068929375e+00, best bound 2.026068929375e+00, gap 0.0%

Gurobi 6.0.4 (win64) logging started 06/23/15 17:59:18

Optimize a model with 1129 rows, 390 columns and 4031 nonzeros
Coefficient statistics:
  Matrix range    [3e-02, 5e+00]
  Objective range [2e-02, 8e-01]
  Bounds range    [1e+00, 1e+00]
  RHS range       [5e-01, 9e+00]
Presolve removed 728 rows and 185 columns
Presolve time: 0.04s
Presolved: 401 rows, 205 columns, 1880 nonzeros
Variable types: 0 continuous, 205 integer (205 binary)
Found heuristic solution: objective 2.4000195

Root relaxation: objective 2.026069e+00, 280 iterations, 0.02 seconds

    Nodes    |    Current Node    |     Objective Bounds      |     Work
 Expl Unexpl |  Obj  Depth IntInf | Incumbent    BestBd   Gap | It/Node Time

*    0     0               0       2.0260689    2.02607  0.00%     -    0s

Explored 0 nodes (280 simplex iterations) in 0.09 seconds
Thread count was 2 (of 4 available processors)

Optimal solution found (tolerance 1.00e-04)
Best objective 2.026068929375e+00, best bound 2.026068929375e+00, gap 0.0%

Gurobi 6.0.4 (win64) logging started 06/23/15 18:01:13

Optimize a model with 1129 rows, 390 columns and 4031 nonzeros
Coefficient statistics:
  Matrix range    [3e-02, 5e+00]
  Objective range [2e-02, 8e-01]
  Bounds range    [1e+00, 1e+00]
  RHS range       [5e-01, 9e+00]
Presolve removed 728 rows and 185 columns
Presolve time: 0.05s
Presolved: 401 rows, 205 columns, 1880 nonzeros
Variable types: 0 continuous, 205 integer (205 binary)
Found heuristic solution: objective 2.4000195

Root relaxation: objective 2.026069e+00, 280 iterations, 0.02 seconds

    Nodes    |    Current Node    |     Objective Bounds      |     Work
 Expl Unexpl |  Obj  Depth IntInf | Incumbent    BestBd   Gap | It/Node Time

*    0     0               0       2.0260689    2.02607  0.00%     -    0s

Explored 0 nodes (280 simplex iterations) in 0.09 seconds
Thread count was 2 (of 4 available processors)

Optimal solution found (tolerance 1.00e-04)
Best objective 2.026068929375e+00, best bound 2.026068929375e+00, gap 0.0%

Gurobi 6.0.4 (win64) logging started 06/23/15 18:01:22

Optimize a model with 1129 rows, 390 columns and 4031 nonzeros
Coefficient statistics:
  Matrix range    [3e-02, 5e+00]
  Objective range [2e-02, 8e-01]
  Bounds range    [1e+00, 1e+00]
  RHS range       [5e-01, 9e+00]
Presolve removed 728 rows and 185 columns
Presolve time: 0.04s
Presolved: 401 rows, 205 columns, 1880 nonzeros
Variable types: 0 continuous, 205 integer (205 binary)
Found heuristic solution: objective 2.4000195

Root relaxation: objective 2.026069e+00, 280 iterations, 0.02 seconds

    Nodes    |    Current Node    |     Objective Bounds      |     Work
 Expl Unexpl |  Obj  Depth IntInf | Incumbent    BestBd   Gap | It/Node Time

*    0     0               0       2.0260689    2.02607  0.00%     -    0s

Explored 0 nodes (280 simplex iterations) in 0.08 seconds
Thread count was 2 (of 4 available processors)

Optimal solution found (tolerance 1.00e-04)
Best objective 2.026068929375e+00, best bound 2.026068929375e+00, gap 0.0%
Optimize a model with 1150 rows, 390 columns and 4052 nonzeros
Coefficient statistics:
  Matrix range    [3e-02, 5e+00]
  Objective range [2e-02, 8e-01]
  Bounds range    [1e+00, 1e+00]
  RHS range       [5e-01, 9e+00]
Presolve removed 1150 rows and 390 columns
Presolve time: 0.00s

Explored 0 nodes (0 simplex iterations) in 0.01 seconds
Thread count was 1 (of 4 available processors)

Optimal solution found (tolerance 1.00e-04)
Best objective 2.026068929375e+00, best bound 2.026068929375e+00, gap 0.0%
Optimize a model with 1150 rows, 390 columns and 4052 nonzeros
Coefficient statistics:
  Matrix range    [3e-02, 5e+00]
  Objective range [1e+00, 1e+00]
  Bounds range    [1e+00, 1e+00]
  RHS range       [5e-01, 9e+00]
Presolve removed 1150 rows and 390 columns
Presolve time: 0.00s

Explored 0 nodes (0 simplex iterations) in 0.01 seconds
Thread count was 1 (of 4 available processors)

Optimal solution found (tolerance 1.00e-04)
Best objective 0.000000000000e+00, best bound 0.000000000000e+00, gap 0.0%
Optimize a model with 1150 rows, 390 columns and 4052 nonzeros
Coefficient statistics:
  Matrix range    [3e-02, 5e+00]
  Objective range [1e+00, 1e+00]
  Bounds range    [1e+00, 1e+00]
  RHS range       [5e-01, 9e+00]
Presolve removed 1150 rows and 390 columns
Presolve time: 0.00s

Explored 0 nodes (0 simplex iterations) in 0.01 seconds
Thread count was 1 (of 4 available processors)

Optimal solution found (tolerance 1.00e-04)
Best objective 0.000000000000e+00, best bound 0.000000000000e+00, gap 0.0%

Gurobi 6.0.4 (win64) logging started 06/23/15 18:02:15

Optimize a model with 1129 rows, 390 columns and 4031 nonzeros
Coefficient statistics:
  Matrix range    [3e-02, 5e+00]
  Objective range [2e-02, 8e-01]
  Bounds range    [1e+00, 1e+00]
  RHS range       [5e-01, 9e+00]
Presolve removed 728 rows and 185 columns
Presolve time: 0.05s
Presolved: 401 rows, 205 columns, 1880 nonzeros
Variable types: 0 continuous, 205 integer (205 binary)
Found heuristic solution: objective 2.4000195

Root relaxation: objective 2.026069e+00, 280 iterations, 0.02 seconds

    Nodes    |    Current Node    |     Objective Bounds      |     Work
 Expl Unexpl |  Obj  Depth IntInf | Incumbent    BestBd   Gap | It/Node Time

*    0     0               0       2.0260689    2.02607  0.00%     -    0s

Explored 0 nodes (280 simplex iterations) in 0.09 seconds
Thread count was 2 (of 4 available processors)

Optimal solution found (tolerance 1.00e-04)
Best objective 2.026068929375e+00, best bound 2.026068929375e+00, gap 0.0%

Gurobi 6.0.4 (win64) logging started 06/23/15 18:03:30

Optimize a model with 1129 rows, 390 columns and 4031 nonzeros
Coefficient statistics:
  Matrix range    [3e-02, 5e+00]
  Objective range [2e-02, 8e-01]
  Bounds range    [1e+00, 1e+00]
  RHS range       [5e-01, 9e+00]
Presolve removed 728 rows and 185 columns
Presolve time: 0.05s
Presolved: 401 rows, 205 columns, 1880 nonzeros
Variable types: 0 continuous, 205 integer (205 binary)
Found heuristic solution: objective 2.4000195

Root relaxation: objective 2.026069e+00, 280 iterations, 0.02 seconds

    Nodes    |    Current Node    |     Objective Bounds      |     Work
 Expl Unexpl |  Obj  Depth IntInf | Incumbent    BestBd   Gap | It/Node Time

*    0     0               0       2.0260689    2.02607  0.00%     -    0s

Explored 0 nodes (280 simplex iterations) in 0.09 seconds
Thread count was 2 (of 4 available processors)

Optimal solution found (tolerance 1.00e-04)
Best objective 2.026068929375e+00, best bound 2.026068929375e+00, gap 0.0%

Gurobi 6.0.4 (win64) logging started 06/23/15 18:03:37

Optimize a model with 1129 rows, 390 columns and 4031 nonzeros
Coefficient statistics:
  Matrix range    [3e-02, 5e+00]
  Objective range [2e-02, 8e-01]
  Bounds range    [1e+00, 1e+00]
  RHS range       [5e-01, 9e+00]
Presolve removed 728 rows and 185 columns
Presolve time: 0.04s
Presolved: 401 rows, 205 columns, 1880 nonzeros
Variable types: 0 continuous, 205 integer (205 binary)
Found heuristic solution: objective 2.4000195

Root relaxation: objective 2.026069e+00, 280 iterations, 0.02 seconds

    Nodes    |    Current Node    |     Objective Bounds      |     Work
 Expl Unexpl |  Obj  Depth IntInf | Incumbent    BestBd   Gap | It/Node Time

*    0     0               0       2.0260689    2.02607  0.00%     -    0s

Explored 0 nodes (280 simplex iterations) in 0.08 seconds
Thread count was 2 (of 4 available processors)

Optimal solution found (tolerance 1.00e-04)
Best objective 2.026068929375e+00, best bound 2.026068929375e+00, gap 0.0%
Optimize a model with 1150 rows, 390 columns and 4052 nonzeros
Coefficient statistics:
  Matrix range    [3e-02, 5e+00]
  Objective range [2e-02, 8e-01]
  Bounds range    [1e+00, 1e+00]
  RHS range       [5e-01, 9e+00]
Presolve removed 1150 rows and 390 columns
Presolve time: 0.01s

Explored 0 nodes (0 simplex iterations) in 0.02 seconds
Thread count was 1 (of 4 available processors)

Optimal solution found (tolerance 1.00e-04)
Best objective 2.026068929375e+00, best bound 2.026068929375e+00, gap 0.0%
Optimize a model with 1150 rows, 390 columns and 4052 nonzeros
Coefficient statistics:
  Matrix range    [3e-02, 5e+00]
  Objective range [1e+00, 1e+00]
  Bounds range    [1e+00, 1e+00]
  RHS range       [5e-01, 9e+00]
Presolve removed 1150 rows and 390 columns
Presolve time: 0.00s

Explored 0 nodes (0 simplex iterations) in 0.01 seconds
Thread count was 1 (of 4 available processors)

Optimal solution found (tolerance 1.00e-04)
Best objective 0.000000000000e+00, best bound 0.000000000000e+00, gap 0.0%
Optimize a model with 1150 rows, 390 columns and 4052 nonzeros
Coefficient statistics:
  Matrix range    [3e-02, 5e+00]
  Objective range [1e+00, 1e+00]
  Bounds range    [1e+00, 1e+00]
  RHS range       [5e-01, 9e+00]
Presolve removed 1150 rows and 390 columns
Presolve time: 0.00s

Explored 0 nodes (0 simplex iterations) in 0.01 seconds
Thread count was 1 (of 4 available processors)

Optimal solution found (tolerance 1.00e-04)
Best objective 0.000000000000e+00, best bound 0.000000000000e+00, gap 0.0%
